<?xml version="1.0" encoding="UTF-8"?>
<testExecutions version="1">
    <file path="/Users/aareleid/projects/worth/worth-request-asset/src/App.test.js">
        <testCase name="renders learn react link" duration="1"/>
    </file>
</testExecutions>